<?xml version="1.0" encoding="UTF-8"?>
<!-- Generated by org.testng.reporters.JUnitReportReporter -->
<testsuite hostname="Theertha" failures="0" tests="1" name="com.Hospital.HMS.DoctorTest.CreatePatient" time="12.371" errors="0" timestamp="18 Jun 2024 15:46:19 GMT" skipped="0">
  <testcase classname="com.Hospital.HMS.DoctorTest.CreatePatient" name="createPatient" time="12.371"/>
</testsuite> <!-- com.Hospital.HMS.DoctorTest.CreatePatient -->
