<?xml version="1.0" encoding="UTF-8"?>
<!-- Generated by org.testng.reporters.JUnitReportReporter -->
<testsuite hostname="Theertha" failures="0" tests="1" name="com.Hospital.HMS.DoctorTest.UpdatePatient" time="6.797" errors="0" timestamp="19 Jun 2024 03:23:55 GMT" skipped="0">
  <testcase classname="com.Hospital.HMS.DoctorTest.UpdatePatient" name="update" time="6.797"/>
</testsuite> <!-- com.Hospital.HMS.DoctorTest.UpdatePatient -->
