<?xml version="1.0" encoding="UTF-8"?>
<!-- Generated by org.testng.reporters.JUnitReportReporter -->
<testsuite hostname="Theertha" failures="0" tests="1" name="com.Hospital.HMS.DoctorTest.Createpatients" time="7.780" errors="0" timestamp="20 Jun 2024 06:47:48 GMT" skipped="0">
  <testcase classname="com.Hospital.HMS.DoctorTest.Createpatients" name="VerifyDrAbleToCreatePatinet" time="7.780"/>
</testsuite> <!-- com.Hospital.HMS.DoctorTest.Createpatients -->
