<?xml version="1.0" encoding="UTF-8"?>
<!-- Generated by org.testng.reporters.JUnitReportReporter -->
<testsuite hostname="Theertha" failures="0" tests="1" name="com.Hospital.HMS.DoctorTest.UpdatePatientDetails" time="5.898" errors="0" timestamp="19 Jun 2024 07:28:31 GMT" skipped="0">
  <testcase classname="com.Hospital.HMS.DoctorTest.UpdatePatientDetails" name="UVerifyDrAbleToUpdate" time="5.898"/>
</testsuite> <!-- com.Hospital.HMS.DoctorTest.UpdatePatientDetails -->
