<?xml version="1.0" encoding="UTF-8"?>
<!-- Generated by org.testng.reporters.JUnitReportReporter -->
<testsuite hostname="Theertha" failures="0" tests="1" name="com.Hospital.HMS.DoctorTest.AddMedicalHistory" time="6.583" errors="0" timestamp="19 Jun 2024 07:28:31 GMT" skipped="0">
  <testcase classname="com.Hospital.HMS.DoctorTest.AddMedicalHistory" name="VerifyDrAbleToAddMedicalHistory" time="6.583"/>
</testsuite> <!-- com.Hospital.HMS.DoctorTest.AddMedicalHistory -->
