<?xml version="1.0" encoding="UTF-8"?>
<!-- Generated by org.testng.reporters.JUnitReportReporter -->
<testsuite hostname="Theertha" failures="0" tests="1" name="com.Hospital.HMS.DoctorTest.NavigateFromDrToAdmin" time="6.949" errors="0" timestamp="19 Jun 2024 07:28:31 GMT" skipped="0">
  <testcase classname="com.Hospital.HMS.DoctorTest.NavigateFromDrToAdmin" name="VerifyPatientDetailsReflectingInAdmin" time="6.949"/>
</testsuite> <!-- com.Hospital.HMS.DoctorTest.NavigateFromDrToAdmin -->
